C51 COMPILER V6.12  74HC595                                                                05/16/2015 21:28:44 PAGE 1   


C51 COMPILER V6.12, COMPILATION OF MODULE 74HC595
OBJECT MODULE PLACED IN .\output\74hc595.obj
COMPILER INVOKED BY: F:\keil_uv2\C51\BIN\C51.EXE .\user\74hc595.c DEBUG OBJECTEXTEND PRINT(.\74hc595.lst) OBJECT(.\outpu
                    -t\74hc595.obj) 

stmt level    source

   1          /*
   2          *   74hc595.c
   3          * о    Ƭ74hc595
   4          *     11.0592MHz
   5          *   ߣXK
   6          * ڣ2011.8.6
   7          *   ߣ
   8          * ޸ڣ
   9          * 74hc595оƬдһֽ
  10            оƬʹ˵SI ǴڣSRCKһʱд˿SIϵݣλĴͬʱһλ
             -
  11                          λݷʱRCKһأλĴİλQA-Q7
  12            оƬȽϣ74hc16474hc595ܣͬRCKϣֻеRCKQA-Q7Ż¡
  13                      Σ595ǿ
  14           */
  15          #include <reg52.h>
  16          #include "74hc595.h"
  17          #include "delay.h"
  18          
  19          sbit data_595si   =P1^0;  //595
  20          sbit clk_595srck  =P1^4;  //595дλĴʱ
  21          sbit e_595rck     =P2^3;  //595λĴʱ
  22          
  23          void write_byte_74hc595(uchar dat)			  	//74hc164оƬдһֽݺ
  24          {						  
  25   1      	 uchar i;			   
  26   1      	 e_595rck=0;	  //595RCK͵ƽ	
  27   1      	 for(i=0;i<8;i++)	
  28   1      	 {	           	   			  
  29   2      	     clk_595srck=0;	  //595SRCK͵ƽ				
  30   2               data_595si=(dat<<i)&0x80;	   //Ҫʹõݽƴ֤  uchar da
             -t Ӧ
  31   2               clk_595srck=1;	 //595SRCKߵƽ		
  32   2      	 }
  33   1      	  e_595rck=1;  //595SRCKߵƽȰ DAT͵	
  34   1            data_595si=1;//ݿںͱĵ·ã˵74hc595ʹá1ͻ
  35   1      }  


MODULE INFORMATION:   STATIC OVERLAYABLE
   CODE SIZE        =     30    ----
   CONSTANT SIZE    =   ----    ----
   XDATA SIZE       =   ----    ----
   PDATA SIZE       =   ----    ----
   DATA SIZE        =   ----    ----
   IDATA SIZE       =   ----    ----
   BIT SIZE         =   ----    ----
END OF MODULE INFORMATION.


C51 COMPILATION COMPLETE.  0 WARNING(S),  0 ERROR(S)
