C51 COMPILER V6.12  LCD1602                                                                05/16/2015 21:28:45 PAGE 1   


C51 COMPILER V6.12, COMPILATION OF MODULE LCD1602
OBJECT MODULE PLACED IN .\output\lcd1602.obj
COMPILER INVOKED BY: F:\keil_uv2\C51\BIN\C51.EXE .\user\lcd1602.c DEBUG OBJECTEXTEND PRINT(.\lcd1602.lst) OBJECT(.\outpu
                    -t\lcd1602.obj) 

stmt level    source

   1          #include<reg52.h>
   2          #include<intrins.h>
   3          #include "boardinit.h"
   4          
   5          #define uchar unsigned char
   6          #define uint  unsigned int
   7          void boardinit();
   8          sbit E=P2^4;		//1602使能引脚
   9          sbit RW=P2^6;		//1602读写引脚	
  10          sbit RS=P2^5;		//1602数据/命令选择引脚 
  11          
  12          void delay()
  13          {
  14   1      	int i,j;
  15   1      	for(i=0; i<=10; i++)
  16   1      	for(j=0; j<=2; j++)
  17   1      ;
  18   1      }
  19          
  20          
  21          
  22          void enable(uchar del)
  23          {
  24   1      	P0 = del;
  25   1      	RS = 0;
  26   1      	RW = 0;
  27   1      	E = 0;
  28   1      	delay();
  29   1      	E = 1;
  30   1      	delay();
  31   1      }
  32          
  33          
  34          
  35          void L1602_init(void)
  36          {
  37   1      
  38   1      	enable(0x38);	//0011 1000	系统功能设置：数据长度8bits,双行显示   
  39   1      	enable(0x0c);	//0000 1100	显示开关控制:显示，光标不显示，禁止闪烁  
  40   1      	enable(0x06);	//0000 0110	模式设置:光标右移,禁止滚动 
  41   1      	enable(0x01);	//0000 0001	清屏
  42   1      	//enable(0xc0);	//1100 0000	初始显示数据的位置为:000
  43   1      }
  44          
  45          
  46          void write(uchar del)
  47          {
  48   1      	P0 = del;
  49   1      	RS = 1;
  50   1      	RW = 0;
  51   1      	E = 0;
  52   1      	delay();
  53   1      	E = 1;
  54   1      	delay();
C51 COMPILER V6.12  LCD1602                                                                05/16/2015 21:28:45 PAGE 2   

  55   1      }
  56          
  57          
  58          
  59          void L1602_char(uchar hang,uchar lie,char sign)
  60          {
  61   1      	uchar a;
  62   1      	if(hang == 1) a = 0x80;
  63   1      	if(hang == 2) a = 0xc0;
  64   1      	a = a + lie - 1;
  65   1      	enable(a);
  66   1      	delay();
  67   1      	write(sign);
  68   1      }
  69          
  70          
  71          void main()
  72          {
  73   1      	char al = '!' - 1;
  74   1      	int i;
  75   1      	boardinit();	
  76   1      
  77   1      	L1602_init();
  78   1      	L1602_char(1,1,al);
  79   1      	for(i = 0 ; i <= 16; i++, al++){
  80   2      		L1602_char(1,i,al);
  81   2      	}
  82   1      	for(i = 0 ; i <= 16; i++, al++){
  83   2      		L1602_char(2,i,al);
  84   2      	}
  85   1      	while(1);
  86   1      }


MODULE INFORMATION:   STATIC OVERLAYABLE
   CODE SIZE        =    198    ----
   CONSTANT SIZE    =   ----    ----
   XDATA SIZE       =   ----    ----
   PDATA SIZE       =   ----    ----
   DATA SIZE        =   ----       3
   IDATA SIZE       =   ----    ----
   BIT SIZE         =   ----    ----
END OF MODULE INFORMATION.


C51 COMPILATION COMPLETE.  0 WARNING(S),  0 ERROR(S)
