C51 COMPILER V6.12  ADC                                                                    05/23/2015 16:47:34 PAGE 1   


C51 COMPILER V6.12, COMPILATION OF MODULE ADC
OBJECT MODULE PLACED IN .\output\adc.obj
COMPILER INVOKED BY: F:\keil_uv2\C51\BIN\C51.EXE .\user\adc.c DEBUG OBJECTEXTEND PRINT(.\adc.lst) OBJECT(.\output\adc.ob
                    -j) 

stmt level    source

   1          #include<reg52.h>
   2          
   3          sbit start = P3^0;
   4          sbit eoc = P3^1;
   5          sbit oe = P3^2;
   6          sbit ale = P3^3;
   7          sbit clk = P3^4;
   8          sbit lock = P3^5;
   9          void chose_channel();
  10          void delay();
  11          void main()
  12          {
  13   1      	TMOD=0x02;      //定义T0,工作方式2
  14   1      	TH0=0x216;      //TH0初值
  15   1      	TL0=0x216;   //TH1初值
  16   1      	EA=1;     //打开总中断
  17   1      	ET0=1;    //打开TO中断允许位
  18   1      	TR0=1;     //打开T0
  19   1      	while(1){
  20   2      		chose_channel();
  21   2      		while(!eoc);
  22   2      		lock = 1;
  23   2      		oe = 1;
  24   2      		delay();
  25   2      		lock = 0;
  26   2      		oe = 0;			
  27   2      	}
  28   1      }
  29          
  30          void inter_1() interrupt 1
  31          {
  32   1       clk = ~clk;
  33   1      }
  34          
  35          
  36          void delay()
  37          {
  38   1      	int i,j;
  39   1      	for(i = 1000; i < 0; i--)
  40   1      		for(j = 1000; j < 0; j--);
  41   1      }
  42          
  43          void chose_channel()
  44          {
  45   1      	ale = 0;
  46   1      	
  47   1      	start = 1;
  48   1      	delay();
  49   1      	start = 0;	
  50   1      }


MODULE INFORMATION:   STATIC OVERLAYABLE
   CODE SIZE        =     86    ----
C51 COMPILER V6.12  ADC                                                                    05/23/2015 16:47:34 PAGE 2   

   CONSTANT SIZE    =   ----    ----
   XDATA SIZE       =   ----    ----
   PDATA SIZE       =   ----    ----
   DATA SIZE        =   ----    ----
   IDATA SIZE       =   ----    ----
   BIT SIZE         =   ----    ----
END OF MODULE INFORMATION.


C51 COMPILATION COMPLETE.  0 WARNING(S),  0 ERROR(S)
