C51 COMPILER V9.00   DISPLAY_MAIN                                                          04/28/2015 15:12:31 PAGE 1   


C51 COMPILER V9.00, COMPILATION OF MODULE DISPLAY_MAIN
OBJECT MODULE PLACED IN .\output\display_main.obj
COMPILER INVOKED BY: F:\keil_for_51\C51\BIN\C51.EXE user\display_main.c BROWSE DEBUG OBJECTEXTEND PRINT(.\display_main.l
                    -st) OBJECT(.\output\display_main.obj)

line level    source

   1          #include <reg52.h>
   2          #include <intrins.h>
   3          #include "delay_on.h"
   4          
   5          #define yuhui 2
   6          
   7          sbit seg_lock=P3^7;
   8          
   9          uchar code bit_select[8] = {0,1,2,3,4,5,6,7};
  10          
  11          uchar code seg_table[]={
  12          0x3f,0x06,0x5b,0x4f,
  13          0x66,0x6d,0x7d,0x07,
  14          0x7f,0x6f,0x77,0x7c,
  15          0x39,0x5e,0x79,0x71};
  16          
  17          /************************************************
  18          *名称：main
  19          *功能：实现数码管的扫描
  20          *输入：无
  21          *输出：无
  22          ************************************************/
  23          void main()
  24          {
  25   1      //      int i;
  26   1      //      int j;
  27   1      
  28   1              
  29   1      //      while(1)
  30   1      //      {
  31   1      //              for(i=0;i<=15;i++)
  32   1      //              {
  33   1      //                      P2 = bit_select[2];
  34   1      //                      P0 = seg_table[i];
  35   1      //                      delay_on(230);
  36   1      //              }
  37   1      //       }
  38   1      
  39   1      
  40   1      //      while(1)
  41   1      //      {
  42   1      //              for(j=0;j<=7;j++)
  43   1      //              {
  44   1      //                      P2 = bit_select[i];
  45   1      //                      P0 = seg_table[0];
  46   1      //                      delay_on(230);
  47   1      //              }
  48   1      //      }
  49   1      
  50   1      
  51   1              while(1)
  52   1              {
  53   2                      seg_lock = 1;
  54   2                      P0 = seg_table[1];
C51 COMPILER V9.00   DISPLAY_MAIN                                                          04/28/2015 15:12:31 PAGE 2   

  55   2                      seg_lock = 0;
  56   2                      P0 = 0x00;      
  57   2                      P2 = bit_select[0];
  58   2                      delay_on(yuhui);
  59   2                      seg_lock = 1;
  60   2                      P0 = seg_table[2];
  61   2                      seg_lock = 0;
  62   2                      P0 = 0x00;      
  63   2                      P2 = bit_select[1];
  64   2                      delay_on(yuhui);
  65   2              
  66   2                      seg_lock = 1;
  67   2                      P0 = seg_table[3];
  68   2                      seg_lock = 0;
  69   2                      P0 = 0x00;      
  70   2                      P2 = bit_select[2];
  71   2                      delay_on(yuhui);
  72   2              
  73   2                      seg_lock = 1;
  74   2                      P0 = seg_table[4];
  75   2                      seg_lock = 0;
  76   2                      P0 = 0x00;      
  77   2                      P2 = bit_select[3];
  78   2                      delay_on(yuhui);
  79   2      
  80   2                      seg_lock = 1;
  81   2                      P0 = seg_table[5];
  82   2                      seg_lock = 0;
  83   2                      P0 = 0x00;      
  84   2                      P2 = bit_select[4];
  85   2                      delay_on(yuhui);
  86   2      
  87   2                      seg_lock = 1;
  88   2                      P0 = seg_table[6];
  89   2                      seg_lock = 0;
  90   2                      P0 = 0x00;      
  91   2                      P2 = bit_select[5];
  92   2                      delay_on(yuhui);
  93   2      
  94   2                      seg_lock = 1;
  95   2                      P0 = seg_table[7];
  96   2                      seg_lock = 0;
  97   2                      P0 = 0x00;      
  98   2                      P2 = bit_select[6];
  99   2                      delay_on(yuhui);
 100   2      
 101   2                      seg_lock = 1;
 102   2                      P0 = seg_table[8];
 103   2                      seg_lock = 0;
 104   2                      P0 = 0x00;      
 105   2                      P2 = bit_select[7];
 106   2                      delay_on(yuhui);
 107   2              }
 108   1                      
 109   1      }       
 110          
 111          


MODULE INFORMATION:   STATIC OVERLAYABLE
   CODE SIZE        =    219    ----
   CONSTANT SIZE    =     24    ----
C51 COMPILER V9.00   DISPLAY_MAIN                                                          04/28/2015 15:12:31 PAGE 3   

   XDATA SIZE       =   ----    ----
   PDATA SIZE       =   ----    ----
   DATA SIZE        =   ----    ----
   IDATA SIZE       =   ----    ----
   BIT SIZE         =   ----    ----
END OF MODULE INFORMATION.


C51 COMPILATION COMPLETE.  0 WARNING(S),  0 ERROR(S)
