A51 MACRO ASSEMBLER  EXAM                                                                 05/14/2015 20:05:21 PAGE     1


MACRO ASSEMBLER A51 V6.12
NO OBJECT MODULE REQUESTED
ASSEMBLER INVOKED BY: F:\keil_uv2\C51\BIN\A51.EXE .\user\exam.asm SET(SMALL) DEBUG PRINT(.\exam.lst) OBJECT(.\output\exa
                      m.obj) EP

LOC  OBJ            LINE     SOURCE

0000                   1     ORG 0000H
0000 020030            2     LJMP INIT
0003                   3     ORG 0003H
0003 02005B            4     LJMP INTERRU0
0013                   5     ORG 0013H
0013 02005F            6     LJMP INTERRU1
                       7     
0030                   8     ORG 0030H
0030 D288              9     INIT:   SETB IT0
0032 D28A             10             SETB IT1
0034 D2A8             11             SETB EX0
0036 D2AA             12             SETB EX1
0038 D2AF             13             SETB EA
                      14             
003A 7900             15     START:  MOV R1,#00H
003C 7A09             16             MOV R2,#9
003E 900060           17             MOV DPTR,#TABLE
0041 E9               18     MAIN:   MOV A,R1
0042 93               19             MOVC A,@A+DPTR
0043 F580             20             MOV P0,A
0045 114B             21             CALL TIMEMUL    ;µ˜”√“™ ±∫Ø 
0047 DA0F             22             DJNZ R2,NEXTNUM
0049 80EF             23             SJMP START
                      24     
004B 7B14             25     TIMEMUL:MOV R3,#20
004D 7FC8             26     DELAY:  MOV R7,#200
004F 7E7D             27     DELAY1: MOV R6,#125
0051 DEFE             28     DELAY2: DJNZ R6,DELAY2
0053 DFFA             29             DJNZ R7,DELAY1
0055 DBF6             30             DJNZ R3,DELAY   ;“ª√Î÷”
0057 22               31             RET
                      32     
0058 09               33     NEXTNUM:INC R1
0059 80E6             34             SJMP MAIN
                      35     
005B                  36     INTERRU0:
005B                  37             PUSH A
*** ______________________________________^
*** ERROR #A22 IN 37 (.\user\exam.asm, LINE 37): EXPRESSION TYPE DOES NOT MATCH INSTRUCTION
005B                  38             PUSH R1
*** ______________________________________^
*** ERROR #A22 IN 38 (.\user\exam.asm, LINE 38): EXPRESSION TYPE DOES NOT MATCH INSTRUCTION
005B                  39             PUSH R2
*** ______________________________________^
*** ERROR #A22 IN 39 (.\user\exam.asm, LINE 39): EXPRESSION TYPE DOES NOT MATCH INSTRUCTION
                      40             ;unfinished
                      41             ;
005B 75A0A4           42             MOV P2,#0a4H
005E 32               43             RETI
005F                  44     INTERRU1:
005F 32               45             RETI
                      46     
0060 C0F9A4B0         47     TABLE:DB 0xc0, 0xf9, 0xa4, 0xb0,0x99, 0x92, 0x82, 0xf8
0064 999282F8                
                      48     END     
A51 MACRO ASSEMBLER  EXAM                                                                 05/14/2015 20:05:21 PAGE     2

SYMBOL TABLE LISTING
------ ----- -------


N A M E             T Y P E  V A L U E   ATTRIBUTES

DELAY. . . . . . .  C ADDR   004DH   A   
DELAY1 . . . . . .  C ADDR   004FH   A   
DELAY2 . . . . . .  C ADDR   0051H   A   
EA . . . . . . . .  B ADDR   00A8H.7 A   
EX0. . . . . . . .  B ADDR   00A8H.0 A   
EX1. . . . . . . .  B ADDR   00A8H.2 A   
INIT . . . . . . .  C ADDR   0030H   A   
INTERRU0 . . . . .  C ADDR   005BH   A   
INTERRU1 . . . . .  C ADDR   005FH   A   
IT0. . . . . . . .  B ADDR   0088H.0 A   
IT1. . . . . . . .  B ADDR   0088H.2 A   
MAIN . . . . . . .  C ADDR   0041H   A   
NEXTNUM. . . . . .  C ADDR   0058H   A   
P0 . . . . . . . .  D ADDR   0080H   A   
P2 . . . . . . . .  D ADDR   00A0H   A   
START. . . . . . .  C ADDR   003AH   A   
TABLE. . . . . . .  C ADDR   0060H   A   
TIMEMUL. . . . . .  C ADDR   004BH   A   


REGISTER BANK(S) USED: 0 


ASSEMBLY COMPLETE.  0 WARNING(S), 3 ERROR(S)
