C51 COMPILER V9.00   COM                                                                   04/30/2015 17:35:35 PAGE 1   


C51 COMPILER V9.00, COMPILATION OF MODULE COM
OBJECT MODULE PLACED IN .\output\com.obj
COMPILER INVOKED BY: F:\keil_for_51\C51\BIN\C51.EXE user\com.c BROWSE DEBUG OBJECTEXTEND PRINT(.\com.lst) OBJECT(.\outpu
                    -t\com.obj)

line level    source

   1          #include<reg52.h>
   2          
   3          #define uchar unsigned char
   4          #define uint unsigned int
   5          uchar flag, a, i;
   6          uchar code table[]="I get " ;
   7          
   8          void init()
   9          {
  10   1              TMOD = 0x20;    //设定T1定时器工作方式2
  11   1              TH1 = 0xfd;             //TI定时器装初值
  12   1              TL1 = 0xfd;             //TI定时器装初值，复位SMOD为0，所以此时波特率为9600
  13   1              TR1 = 1;                //启动TI定时器
  14   1              REN = 1;                //允许串口接收
  15   1              SM0 = 1;                //
  16   1              SM1 =1;                 //SM0 SM1设定串口工作方式1
  17   1              EA = 1;                 //开总中断
  18   1              ES = 1;                 //开串口中断
  19   1      }
  20          void main()
  21          {
  22   1              init();                                 //初始化
  23   1              while (1) {
  24   2                      if(flag==1){
  25   3                              ES = 0;                                 
  26   3                              for (i=0; i<6; i++){
  27   4                                      SBUF = table[i];
  28   4                                      while(!TI);                     //等待第一个字符发送完
  29   4                                      TI = 0;                         //第一个字符发送完，TI清0，在发送第二个字符
  30   4                              }               
  31   3                              SBUF = a;
  32   3                              while(!TI);
  33   3                              TI = 0;
  34   3                              ES = 1;
  35   3                              flag = 0;
  36   3                      }
  37   2              }
  38   1      }
  39          
  40          void ser() interrupt 4
  41          {
  42   1          RI = 0;
  43   1          a = SBUF;           //把接收到的数据送给a
  44   1          flag = 1;
  45   1      }


MODULE INFORMATION:   STATIC OVERLAYABLE
   CODE SIZE        =     79    ----
   CONSTANT SIZE    =      7    ----
   XDATA SIZE       =   ----    ----
   PDATA SIZE       =   ----    ----
   DATA SIZE        =      3    ----
   IDATA SIZE       =   ----    ----
C51 COMPILER V9.00   COM                                                                   04/30/2015 17:35:35 PAGE 2   

   BIT SIZE         =   ----    ----
END OF MODULE INFORMATION.


C51 COMPILATION COMPLETE.  0 WARNING(S),  0 ERROR(S)
