C51 COMPILER V9.00   DELAY_ON                                                              04/28/2015 21:25:14 PAGE 1   


C51 COMPILER V9.00, COMPILATION OF MODULE DELAY_ON
OBJECT MODULE PLACED IN .\ouput\delay_on.obj
COMPILER INVOKED BY: F:\keil_for_51\C51\BIN\C51.EXE user\delay_on.c BROWSE DEBUG OBJECTEXTEND PRINT(.\delay_on.lst) OBJE
                    -CT(.\ouput\delay_on.obj)

line level    source

   1          
   2          #include "delay_on.h"
   3          
   4          void delay_on(uint delay_time)
   5          {
   6   1              uint i;
   7   1              uint j;
   8   1              for(i=delay_time;i>0;i--)       //i=delay_time¼´ÑÓÊ±delay_timeºÁÃë
   9   1                      for(j=110;j>0;j--);
  10   1      }


MODULE INFORMATION:   STATIC OVERLAYABLE
   CODE SIZE        =     30    ----
   CONSTANT SIZE    =   ----    ----
   XDATA SIZE       =   ----    ----
   PDATA SIZE       =   ----    ----
   DATA SIZE        =   ----    ----
   IDATA SIZE       =   ----    ----
   BIT SIZE         =   ----    ----
END OF MODULE INFORMATION.


C51 COMPILATION COMPLETE.  0 WARNING(S),  0 ERROR(S)
