C51 COMPILER V9.00   KEYBOARD                                                              04/28/2015 15:25:00 PAGE 1   


C51 COMPILER V9.00, COMPILATION OF MODULE KEYBOARD
OBJECT MODULE PLACED IN .\ouput\keyboard.obj
COMPILER INVOKED BY: F:\keil_for_51\C51\BIN\C51.EXE user\keyboard.c BROWSE DEBUG OBJECTEXTEND PRINT(.\keyboard.lst) OBJE
                    -CT(.\ouput\keyboard.obj)

line level    source

   1          #include<reg52.h>
   2          #include"delay_on.h"
   3          
   4          void main()
   5          {
   6   1              
   7   1      }


MODULE INFORMATION:   STATIC OVERLAYABLE
   CODE SIZE        =      1    ----
   CONSTANT SIZE    =   ----    ----
   XDATA SIZE       =   ----    ----
   PDATA SIZE       =   ----    ----
   DATA SIZE        =   ----    ----
   IDATA SIZE       =   ----    ----
   BIT SIZE         =   ----    ----
END OF MODULE INFORMATION.


C51 COMPILATION COMPLETE.  0 WARNING(S),  0 ERROR(S)
